versions pytest-8.3.5, python-3.13.3.final.0
invocation_dir=/Users/anastasiavoropaeva/Documents/Luxe_Quality/Pytest
cwd=/Users/anastasiavoropaeva/Documents/Luxe_Quality/Pytest
args=('tests/test_contact_us.py', '--debug')

  pytest_cmdline_main [hook]
      config: <_pytest.config.Config object at 0x1012a6270>
    pytest_plugin_registered [hook]
        plugin: <Session  exitstatus='<UNSET>' testsfailed=0 testscollected=0>
        plugin_name: session
        manager: <_pytest.config.PytestPluginManager object at 0x1010db620>
    finish pytest_plugin_registered --> [] [hook]
    pytest_configure [hook]
        config: <_pytest.config.Config object at 0x1012a6270>
      pytest_plugin_registered [hook]
          plugin: <_pytest.cacheprovider.LFPlugin object at 0x1021eb380>
          plugin_name: lfplugin
          manager: <_pytest.config.PytestPluginManager object at 0x1010db620>
      finish pytest_plugin_registered --> [] [hook]
      pytest_plugin_registered [hook]
          plugin: <_pytest.cacheprovider.NFPlugin object at 0x1027aacf0>
          plugin_name: nfplugin
          manager: <_pytest.config.PytestPluginManager object at 0x1010db620>
      finish pytest_plugin_registered --> [] [hook]
    early skip of rewriting module: faulthandler [assertion]
      pytest_plugin_registered [hook]
          plugin: <class '_pytest.legacypath.LegacyTmpdirPlugin'>
          plugin_name: legacypath-tmpdir
          manager: <_pytest.config.PytestPluginManager object at 0x1010db620>
      finish pytest_plugin_registered --> [] [hook]
    early skip of rewriting module: pdb [assertion]
    early skip of rewriting module: cmd [assertion]
    early skip of rewriting module: code [assertion]
    early skip of rewriting module: codeop [assertion]
    early skip of rewriting module: rlcompleter [assertion]
      pytest_plugin_registered [hook]
          plugin: <_pytest.config.PytestPluginManager object at 0x1010db620>
          plugin_name: 4312643104
          manager: <_pytest.config.PytestPluginManager object at 0x1010db620>
      finish pytest_plugin_registered --> [] [hook]
      pytest_plugin_registered [hook]
          plugin: <_pytest.config.Config object at 0x1012a6270>
          plugin_name: pytestconfig
          manager: <_pytest.config.PytestPluginManager object at 0x1010db620>
      finish pytest_plugin_registered --> [] [hook]
      pytest_plugin_registered [hook]
          plugin: <module '_pytest.mark' from '/Users/anastasiavoropaeva/Documents/Luxe_Quality/Pytest/.venv/lib/python3.13/site-packages/_pytest/mark/__init__.py'>
          plugin_name: mark
          manager: <_pytest.config.PytestPluginManager object at 0x1010db620>
      finish pytest_plugin_registered --> [] [hook]
      pytest_plugin_registered [hook]
          plugin: <module '_pytest.main' from '/Users/anastasiavoropaeva/Documents/Luxe_Quality/Pytest/.venv/lib/python3.13/site-packages/_pytest/main.py'>
          plugin_name: main
          manager: <_pytest.config.PytestPluginManager object at 0x1010db620>
      finish pytest_plugin_registered --> [] [hook]
      pytest_plugin_registered [hook]
          plugin: <module '_pytest.runner' from '/Users/anastasiavoropaeva/Documents/Luxe_Quality/Pytest/.venv/lib/python3.13/site-packages/_pytest/runner.py'>
          plugin_name: runner
          manager: <_pytest.config.PytestPluginManager object at 0x1010db620>
      finish pytest_plugin_registered --> [] [hook]
      pytest_plugin_registered [hook]
          plugin: <module '_pytest.fixtures' from '/Users/anastasiavoropaeva/Documents/Luxe_Quality/Pytest/.venv/lib/python3.13/site-packages/_pytest/fixtures.py'>
          plugin_name: fixtures
          manager: <_pytest.config.PytestPluginManager object at 0x1010db620>
      finish pytest_plugin_registered --> [] [hook]
      pytest_plugin_registered [hook]
          plugin: <module '_pytest.helpconfig' from '/Users/anastasiavoropaeva/Documents/Luxe_Quality/Pytest/.venv/lib/python3.13/site-packages/_pytest/helpconfig.py'>
          plugin_name: helpconfig
          manager: <_pytest.config.PytestPluginManager object at 0x1010db620>
      finish pytest_plugin_registered --> [] [hook]
      pytest_plugin_registered [hook]
          plugin: <module '_pytest.python' from '/Users/anastasiavoropaeva/Documents/Luxe_Quality/Pytest/.venv/lib/python3.13/site-packages/_pytest/python.py'>
          plugin_name: python
          manager: <_pytest.config.PytestPluginManager object at 0x1010db620>
      finish pytest_plugin_registered --> [] [hook]
      pytest_plugin_registered [hook]
          plugin: <module '_pytest.terminal' from '/Users/anastasiavoropaeva/Documents/Luxe_Quality/Pytest/.venv/lib/python3.13/site-packages/_pytest/terminal.py'>
          plugin_name: terminal
          manager: <_pytest.config.PytestPluginManager object at 0x1010db620>
      finish pytest_plugin_registered --> [] [hook]
      pytest_plugin_registered [hook]
          plugin: <module '_pytest.debugging' from '/Users/anastasiavoropaeva/Documents/Luxe_Quality/Pytest/.venv/lib/python3.13/site-packages/_pytest/debugging.py'>
          plugin_name: debugging
          manager: <_pytest.config.PytestPluginManager object at 0x1010db620>
      finish pytest_plugin_registered --> [] [hook]
      pytest_plugin_registered [hook]
          plugin: <module '_pytest.unittest' from '/Users/anastasiavoropaeva/Documents/Luxe_Quality/Pytest/.venv/lib/python3.13/site-packages/_pytest/unittest.py'>
          plugin_name: unittest
          manager: <_pytest.config.PytestPluginManager object at 0x1010db620>
      finish pytest_plugin_registered --> [] [hook]
      pytest_plugin_registered [hook]
          plugin: <module '_pytest.capture' from '/Users/anastasiavoropaeva/Documents/Luxe_Quality/Pytest/.venv/lib/python3.13/site-packages/_pytest/capture.py'>
          plugin_name: capture
          manager: <_pytest.config.PytestPluginManager object at 0x1010db620>
      finish pytest_plugin_registered --> [] [hook]
      pytest_plugin_registered [hook]
          plugin: <module '_pytest.skipping' from '/Users/anastasiavoropaeva/Documents/Luxe_Quality/Pytest/.venv/lib/python3.13/site-packages/_pytest/skipping.py'>
          plugin_name: skipping
          manager: <_pytest.config.PytestPluginManager object at 0x1010db620>
      finish pytest_plugin_registered --> [] [hook]
      pytest_plugin_registered [hook]
          plugin: <module '_pytest.legacypath' from '/Users/anastasiavoropaeva/Documents/Luxe_Quality/Pytest/.venv/lib/python3.13/site-packages/_pytest/legacypath.py'>
          plugin_name: legacypath
          manager: <_pytest.config.PytestPluginManager object at 0x1010db620>
      finish pytest_plugin_registered --> [] [hook]
      pytest_plugin_registered [hook]
          plugin: <module '_pytest.tmpdir' from '/Users/anastasiavoropaeva/Documents/Luxe_Quality/Pytest/.venv/lib/python3.13/site-packages/_pytest/tmpdir.py'>
          plugin_name: tmpdir
          manager: <_pytest.config.PytestPluginManager object at 0x1010db620>
      finish pytest_plugin_registered --> [] [hook]
      pytest_plugin_registered [hook]
          plugin: <module '_pytest.monkeypatch' from '/Users/anastasiavoropaeva/Documents/Luxe_Quality/Pytest/.venv/lib/python3.13/site-packages/_pytest/monkeypatch.py'>
          plugin_name: monkeypatch
          manager: <_pytest.config.PytestPluginManager object at 0x1010db620>
      finish pytest_plugin_registered --> [] [hook]
      pytest_plugin_registered [hook]
          plugin: <module '_pytest.recwarn' from '/Users/anastasiavoropaeva/Documents/Luxe_Quality/Pytest/.venv/lib/python3.13/site-packages/_pytest/recwarn.py'>
          plugin_name: recwarn
          manager: <_pytest.config.PytestPluginManager object at 0x1010db620>
      finish pytest_plugin_registered --> [] [hook]
      pytest_plugin_registered [hook]
          plugin: <module '_pytest.pastebin' from '/Users/anastasiavoropaeva/Documents/Luxe_Quality/Pytest/.venv/lib/python3.13/site-packages/_pytest/pastebin.py'>
          plugin_name: pastebin
          manager: <_pytest.config.PytestPluginManager object at 0x1010db620>
      finish pytest_plugin_registered --> [] [hook]
      pytest_plugin_registered [hook]
          plugin: <module '_pytest.assertion' from '/Users/anastasiavoropaeva/Documents/Luxe_Quality/Pytest/.venv/lib/python3.13/site-packages/_pytest/assertion/__init__.py'>
          plugin_name: assertion
          manager: <_pytest.config.PytestPluginManager object at 0x1010db620>
      finish pytest_plugin_registered --> [] [hook]
      pytest_plugin_registered [hook]
          plugin: <module '_pytest.junitxml' from '/Users/anastasiavoropaeva/Documents/Luxe_Quality/Pytest/.venv/lib/python3.13/site-packages/_pytest/junitxml.py'>
          plugin_name: junitxml
          manager: <_pytest.config.PytestPluginManager object at 0x1010db620>
      finish pytest_plugin_registered --> [] [hook]
      pytest_plugin_registered [hook]
          plugin: <module '_pytest.doctest' from '/Users/anastasiavoropaeva/Documents/Luxe_Quality/Pytest/.venv/lib/python3.13/site-packages/_pytest/doctest.py'>
          plugin_name: doctest
          manager: <_pytest.config.PytestPluginManager object at 0x1010db620>
      finish pytest_plugin_registered --> [] [hook]
      pytest_plugin_registered [hook]
          plugin: <module '_pytest.cacheprovider' from '/Users/anastasiavoropaeva/Documents/Luxe_Quality/Pytest/.venv/lib/python3.13/site-packages/_pytest/cacheprovider.py'>
          plugin_name: cacheprovider
          manager: <_pytest.config.PytestPluginManager object at 0x1010db620>
      finish pytest_plugin_registered --> [] [hook]
      pytest_plugin_registered [hook]
          plugin: <module '_pytest.freeze_support' from '/Users/anastasiavoropaeva/Documents/Luxe_Quality/Pytest/.venv/lib/python3.13/site-packages/_pytest/freeze_support.py'>
          plugin_name: freeze_support
          manager: <_pytest.config.PytestPluginManager object at 0x1010db620>
      finish pytest_plugin_registered --> [] [hook]
      pytest_plugin_registered [hook]
          plugin: <module '_pytest.setuponly' from '/Users/anastasiavoropaeva/Documents/Luxe_Quality/Pytest/.venv/lib/python3.13/site-packages/_pytest/setuponly.py'>
          plugin_name: setuponly
          manager: <_pytest.config.PytestPluginManager object at 0x1010db620>
      finish pytest_plugin_registered --> [] [hook]
      pytest_plugin_registered [hook]
          plugin: <module '_pytest.setupplan' from '/Users/anastasiavoropaeva/Documents/Luxe_Quality/Pytest/.venv/lib/python3.13/site-packages/_pytest/setupplan.py'>
          plugin_name: setupplan
          manager: <_pytest.config.PytestPluginManager object at 0x1010db620>
      finish pytest_plugin_registered --> [] [hook]
      pytest_plugin_registered [hook]
          plugin: <module '_pytest.stepwise' from '/Users/anastasiavoropaeva/Documents/Luxe_Quality/Pytest/.venv/lib/python3.13/site-packages/_pytest/stepwise.py'>
          plugin_name: stepwise
          manager: <_pytest.config.PytestPluginManager object at 0x1010db620>
      finish pytest_plugin_registered --> [] [hook]
      pytest_plugin_registered [hook]
          plugin: <module '_pytest.warnings' from '/Users/anastasiavoropaeva/Documents/Luxe_Quality/Pytest/.venv/lib/python3.13/site-packages/_pytest/warnings.py'>
          plugin_name: warnings
          manager: <_pytest.config.PytestPluginManager object at 0x1010db620>
      finish pytest_plugin_registered --> [] [hook]
      pytest_plugin_registered [hook]
          plugin: <module '_pytest.logging' from '/Users/anastasiavoropaeva/Documents/Luxe_Quality/Pytest/.venv/lib/python3.13/site-packages/_pytest/logging.py'>
          plugin_name: logging
          manager: <_pytest.config.PytestPluginManager object at 0x1010db620>
      finish pytest_plugin_registered --> [] [hook]
      pytest_plugin_registered [hook]
          plugin: <module '_pytest.reports' from '/Users/anastasiavoropaeva/Documents/Luxe_Quality/Pytest/.venv/lib/python3.13/site-packages/_pytest/reports.py'>
          plugin_name: reports
          manager: <_pytest.config.PytestPluginManager object at 0x1010db620>
      finish pytest_plugin_registered --> [] [hook]
      pytest_plugin_registered [hook]
          plugin: <module '_pytest.python_path' from '/Users/anastasiavoropaeva/Documents/Luxe_Quality/Pytest/.venv/lib/python3.13/site-packages/_pytest/python_path.py'>
          plugin_name: python_path
          manager: <_pytest.config.PytestPluginManager object at 0x1010db620>
      finish pytest_plugin_registered --> [] [hook]
      pytest_plugin_registered [hook]
          plugin: <module '_pytest.unraisableexception' from '/Users/anastasiavoropaeva/Documents/Luxe_Quality/Pytest/.venv/lib/python3.13/site-packages/_pytest/unraisableexception.py'>
          plugin_name: unraisableexception
          manager: <_pytest.config.PytestPluginManager object at 0x1010db620>
      finish pytest_plugin_registered --> [] [hook]
      pytest_plugin_registered [hook]
          plugin: <module '_pytest.threadexception' from '/Users/anastasiavoropaeva/Documents/Luxe_Quality/Pytest/.venv/lib/python3.13/site-packages/_pytest/threadexception.py'>
          plugin_name: threadexception
          manager: <_pytest.config.PytestPluginManager object at 0x1010db620>
      finish pytest_plugin_registered --> [] [hook]
      pytest_plugin_registered [hook]
          plugin: <module '_pytest.faulthandler' from '/Users/anastasiavoropaeva/Documents/Luxe_Quality/Pytest/.venv/lib/python3.13/site-packages/_pytest/faulthandler.py'>
          plugin_name: faulthandler
          manager: <_pytest.config.PytestPluginManager object at 0x1010db620>
      finish pytest_plugin_registered --> [] [hook]
      pytest_plugin_registered [hook]
          plugin: <module 'faker.contrib.pytest.plugin' from '/Users/anastasiavoropaeva/Documents/Luxe_Quality/Pytest/.venv/lib/python3.13/site-packages/faker/contrib/pytest/plugin.py'>
          plugin_name: faker
          manager: <_pytest.config.PytestPluginManager object at 0x1010db620>
      finish pytest_plugin_registered --> [] [hook]
      pytest_plugin_registered [hook]
          plugin: <module 'pytest_playwright.pytest_playwright' from '/Users/anastasiavoropaeva/Documents/Luxe_Quality/Pytest/.venv/lib/python3.13/site-packages/pytest_playwright/pytest_playwright.py'>
          plugin_name: playwright
          manager: <_pytest.config.PytestPluginManager object at 0x1010db620>
      finish pytest_plugin_registered --> [] [hook]
      pytest_plugin_registered [hook]
          plugin: <module 'pytest_asyncio.plugin' from '/Users/anastasiavoropaeva/Documents/Luxe_Quality/Pytest/.venv/lib/python3.13/site-packages/pytest_asyncio/plugin.py'>
          plugin_name: asyncio
          manager: <_pytest.config.PytestPluginManager object at 0x1010db620>
      finish pytest_plugin_registered --> [] [hook]
      pytest_plugin_registered [hook]
          plugin: <module 'pytest_base_url.plugin' from '/Users/anastasiavoropaeva/Documents/Luxe_Quality/Pytest/.venv/lib/python3.13/site-packages/pytest_base_url/plugin.py'>
          plugin_name: base_url
          manager: <_pytest.config.PytestPluginManager object at 0x1010db620>
      finish pytest_plugin_registered --> [] [hook]
      pytest_plugin_registered [hook]
          plugin: <CaptureManager _method='fd' _global_capturing=<MultiCapture out=<FDCapture 1 oldfd=5 _state='suspended' tmpfile=<EncodedFile name="<_io.FileIO name=6 mode='rb+' closefd=True>" mode='r+' encoding='utf-8'>> err=<FDCapture 2 oldfd=7 _state='suspended' tmpfile=<EncodedFile name="<_io.FileIO name=8 mode='rb+' closefd=True>" mode='r+' encoding='utf-8'>> in_=<FDCapture 0 oldfd=3 _state='started' tmpfile=<_io.TextIOWrapper name='/dev/null' mode='r' encoding='utf-8'>> _state='suspended' _in_suspended=False> _capture_fixture=None>
          plugin_name: capturemanager
          manager: <_pytest.config.PytestPluginManager object at 0x1010db620>
      finish pytest_plugin_registered --> [] [hook]
      pytest_plugin_registered [hook]
          plugin: <module 'tests.conftest' from '/Users/anastasiavoropaeva/Documents/Luxe_Quality/Pytest/tests/conftest.py'>
          plugin_name: /Users/anastasiavoropaeva/Documents/Luxe_Quality/Pytest/tests/conftest.py
          manager: <_pytest.config.PytestPluginManager object at 0x1010db620>
      finish pytest_plugin_registered --> [] [hook]
      pytest_plugin_registered [hook]
          plugin: <Session  exitstatus=<ExitCode.OK: 0> testsfailed=0 testscollected=0>
          plugin_name: session
          manager: <_pytest.config.PytestPluginManager object at 0x1010db620>
      finish pytest_plugin_registered --> [] [hook]
      pytest_plugin_registered [hook]
          plugin: <_pytest.cacheprovider.LFPlugin object at 0x1021eb380>
          plugin_name: lfplugin
          manager: <_pytest.config.PytestPluginManager object at 0x1010db620>
      finish pytest_plugin_registered --> [] [hook]
      pytest_plugin_registered [hook]
          plugin: <_pytest.cacheprovider.NFPlugin object at 0x1027aacf0>
          plugin_name: nfplugin
          manager: <_pytest.config.PytestPluginManager object at 0x1010db620>
      finish pytest_plugin_registered --> [] [hook]
      pytest_plugin_registered [hook]
          plugin: <class '_pytest.legacypath.LegacyTmpdirPlugin'>
          plugin_name: legacypath-tmpdir
          manager: <_pytest.config.PytestPluginManager object at 0x1010db620>
      finish pytest_plugin_registered --> [] [hook]
      pytest_plugin_registered [hook]
          plugin: <_pytest.terminal.TerminalReporter object at 0x1028702f0>
          plugin_name: terminalreporter
          manager: <_pytest.config.PytestPluginManager object at 0x1010db620>
      finish pytest_plugin_registered --> [] [hook]
      pytest_plugin_registered [hook]
          plugin: <_pytest.logging.LoggingPlugin object at 0x102870590>
          plugin_name: logging-plugin
          manager: <_pytest.config.PytestPluginManager object at 0x1010db620>
      finish pytest_plugin_registered --> [] [hook]
    finish pytest_configure --> [] [hook]
    pytest_sessionstart [hook]
        session: <Session  exitstatus=<ExitCode.OK: 0> testsfailed=0 testscollected=0>
      pytest_plugin_registered [hook]
          plugin: <_pytest.config.PytestPluginManager object at 0x1010db620>
          plugin_name: 4312643104
          manager: <_pytest.config.PytestPluginManager object at 0x1010db620>
      finish pytest_plugin_registered --> [] [hook]
      pytest_plugin_registered [hook]
          plugin: <_pytest.config.Config object at 0x1012a6270>
          plugin_name: pytestconfig
          manager: <_pytest.config.PytestPluginManager object at 0x1010db620>
      finish pytest_plugin_registered --> [] [hook]
      pytest_plugin_registered [hook]
          plugin: <module '_pytest.mark' from '/Users/anastasiavoropaeva/Documents/Luxe_Quality/Pytest/.venv/lib/python3.13/site-packages/_pytest/mark/__init__.py'>
          plugin_name: mark
          manager: <_pytest.config.PytestPluginManager object at 0x1010db620>
      finish pytest_plugin_registered --> [] [hook]
      pytest_plugin_registered [hook]
          plugin: <module '_pytest.main' from '/Users/anastasiavoropaeva/Documents/Luxe_Quality/Pytest/.venv/lib/python3.13/site-packages/_pytest/main.py'>
          plugin_name: main
          manager: <_pytest.config.PytestPluginManager object at 0x1010db620>
      finish pytest_plugin_registered --> [] [hook]
      pytest_plugin_registered [hook]
          plugin: <module '_pytest.runner' from '/Users/anastasiavoropaeva/Documents/Luxe_Quality/Pytest/.venv/lib/python3.13/site-packages/_pytest/runner.py'>
          plugin_name: runner
          manager: <_pytest.config.PytestPluginManager object at 0x1010db620>
      finish pytest_plugin_registered --> [] [hook]
      pytest_plugin_registered [hook]
          plugin: <module '_pytest.fixtures' from '/Users/anastasiavoropaeva/Documents/Luxe_Quality/Pytest/.venv/lib/python3.13/site-packages/_pytest/fixtures.py'>
          plugin_name: fixtures
          manager: <_pytest.config.PytestPluginManager object at 0x1010db620>
      finish pytest_plugin_registered --> [] [hook]
      pytest_plugin_registered [hook]
          plugin: <module '_pytest.helpconfig' from '/Users/anastasiavoropaeva/Documents/Luxe_Quality/Pytest/.venv/lib/python3.13/site-packages/_pytest/helpconfig.py'>
          plugin_name: helpconfig
          manager: <_pytest.config.PytestPluginManager object at 0x1010db620>
      finish pytest_plugin_registered --> [] [hook]
      pytest_plugin_registered [hook]
          plugin: <module '_pytest.python' from '/Users/anastasiavoropaeva/Documents/Luxe_Quality/Pytest/.venv/lib/python3.13/site-packages/_pytest/python.py'>
          plugin_name: python
          manager: <_pytest.config.PytestPluginManager object at 0x1010db620>
      finish pytest_plugin_registered --> [] [hook]
      pytest_plugin_registered [hook]
          plugin: <module '_pytest.terminal' from '/Users/anastasiavoropaeva/Documents/Luxe_Quality/Pytest/.venv/lib/python3.13/site-packages/_pytest/terminal.py'>
          plugin_name: terminal
          manager: <_pytest.config.PytestPluginManager object at 0x1010db620>
      finish pytest_plugin_registered --> [] [hook]
      pytest_plugin_registered [hook]
          plugin: <module '_pytest.debugging' from '/Users/anastasiavoropaeva/Documents/Luxe_Quality/Pytest/.venv/lib/python3.13/site-packages/_pytest/debugging.py'>
          plugin_name: debugging
          manager: <_pytest.config.PytestPluginManager object at 0x1010db620>
      finish pytest_plugin_registered --> [] [hook]
      pytest_plugin_registered [hook]
          plugin: <module '_pytest.unittest' from '/Users/anastasiavoropaeva/Documents/Luxe_Quality/Pytest/.venv/lib/python3.13/site-packages/_pytest/unittest.py'>
          plugin_name: unittest
          manager: <_pytest.config.PytestPluginManager object at 0x1010db620>
      finish pytest_plugin_registered --> [] [hook]
      pytest_plugin_registered [hook]
          plugin: <module '_pytest.capture' from '/Users/anastasiavoropaeva/Documents/Luxe_Quality/Pytest/.venv/lib/python3.13/site-packages/_pytest/capture.py'>
          plugin_name: capture
          manager: <_pytest.config.PytestPluginManager object at 0x1010db620>
      finish pytest_plugin_registered --> [] [hook]
      pytest_plugin_registered [hook]
          plugin: <module '_pytest.skipping' from '/Users/anastasiavoropaeva/Documents/Luxe_Quality/Pytest/.venv/lib/python3.13/site-packages/_pytest/skipping.py'>
          plugin_name: skipping
          manager: <_pytest.config.PytestPluginManager object at 0x1010db620>
      finish pytest_plugin_registered --> [] [hook]
      pytest_plugin_registered [hook]
          plugin: <module '_pytest.legacypath' from '/Users/anastasiavoropaeva/Documents/Luxe_Quality/Pytest/.venv/lib/python3.13/site-packages/_pytest/legacypath.py'>
          plugin_name: legacypath
          manager: <_pytest.config.PytestPluginManager object at 0x1010db620>
      finish pytest_plugin_registered --> [] [hook]
      pytest_plugin_registered [hook]
          plugin: <module '_pytest.tmpdir' from '/Users/anastasiavoropaeva/Documents/Luxe_Quality/Pytest/.venv/lib/python3.13/site-packages/_pytest/tmpdir.py'>
          plugin_name: tmpdir
          manager: <_pytest.config.PytestPluginManager object at 0x1010db620>
      finish pytest_plugin_registered --> [] [hook]
      pytest_plugin_registered [hook]
          plugin: <module '_pytest.monkeypatch' from '/Users/anastasiavoropaeva/Documents/Luxe_Quality/Pytest/.venv/lib/python3.13/site-packages/_pytest/monkeypatch.py'>
          plugin_name: monkeypatch
          manager: <_pytest.config.PytestPluginManager object at 0x1010db620>
      finish pytest_plugin_registered --> [] [hook]
      pytest_plugin_registered [hook]
          plugin: <module '_pytest.recwarn' from '/Users/anastasiavoropaeva/Documents/Luxe_Quality/Pytest/.venv/lib/python3.13/site-packages/_pytest/recwarn.py'>
          plugin_name: recwarn
          manager: <_pytest.config.PytestPluginManager object at 0x1010db620>
      finish pytest_plugin_registered --> [] [hook]
      pytest_plugin_registered [hook]
          plugin: <module '_pytest.pastebin' from '/Users/anastasiavoropaeva/Documents/Luxe_Quality/Pytest/.venv/lib/python3.13/site-packages/_pytest/pastebin.py'>
          plugin_name: pastebin
          manager: <_pytest.config.PytestPluginManager object at 0x1010db620>
      finish pytest_plugin_registered --> [] [hook]
      pytest_plugin_registered [hook]
          plugin: <module '_pytest.assertion' from '/Users/anastasiavoropaeva/Documents/Luxe_Quality/Pytest/.venv/lib/python3.13/site-packages/_pytest/assertion/__init__.py'>
          plugin_name: assertion
          manager: <_pytest.config.PytestPluginManager object at 0x1010db620>
      finish pytest_plugin_registered --> [] [hook]
      pytest_plugin_registered [hook]
          plugin: <module '_pytest.junitxml' from '/Users/anastasiavoropaeva/Documents/Luxe_Quality/Pytest/.venv/lib/python3.13/site-packages/_pytest/junitxml.py'>
          plugin_name: junitxml
          manager: <_pytest.config.PytestPluginManager object at 0x1010db620>
      finish pytest_plugin_registered --> [] [hook]
      pytest_plugin_registered [hook]
          plugin: <module '_pytest.doctest' from '/Users/anastasiavoropaeva/Documents/Luxe_Quality/Pytest/.venv/lib/python3.13/site-packages/_pytest/doctest.py'>
          plugin_name: doctest
          manager: <_pytest.config.PytestPluginManager object at 0x1010db620>
      finish pytest_plugin_registered --> [] [hook]
      pytest_plugin_registered [hook]
          plugin: <module '_pytest.cacheprovider' from '/Users/anastasiavoropaeva/Documents/Luxe_Quality/Pytest/.venv/lib/python3.13/site-packages/_pytest/cacheprovider.py'>
          plugin_name: cacheprovider
          manager: <_pytest.config.PytestPluginManager object at 0x1010db620>
      finish pytest_plugin_registered --> [] [hook]
      pytest_plugin_registered [hook]
          plugin: <module '_pytest.freeze_support' from '/Users/anastasiavoropaeva/Documents/Luxe_Quality/Pytest/.venv/lib/python3.13/site-packages/_pytest/freeze_support.py'>
          plugin_name: freeze_support
          manager: <_pytest.config.PytestPluginManager object at 0x1010db620>
      finish pytest_plugin_registered --> [] [hook]
      pytest_plugin_registered [hook]
          plugin: <module '_pytest.setuponly' from '/Users/anastasiavoropaeva/Documents/Luxe_Quality/Pytest/.venv/lib/python3.13/site-packages/_pytest/setuponly.py'>
          plugin_name: setuponly
          manager: <_pytest.config.PytestPluginManager object at 0x1010db620>
      finish pytest_plugin_registered --> [] [hook]
      pytest_plugin_registered [hook]
          plugin: <module '_pytest.setupplan' from '/Users/anastasiavoropaeva/Documents/Luxe_Quality/Pytest/.venv/lib/python3.13/site-packages/_pytest/setupplan.py'>
          plugin_name: setupplan
          manager: <_pytest.config.PytestPluginManager object at 0x1010db620>
      finish pytest_plugin_registered --> [] [hook]
      pytest_plugin_registered [hook]
          plugin: <module '_pytest.stepwise' from '/Users/anastasiavoropaeva/Documents/Luxe_Quality/Pytest/.venv/lib/python3.13/site-packages/_pytest/stepwise.py'>
          plugin_name: stepwise
          manager: <_pytest.config.PytestPluginManager object at 0x1010db620>
      finish pytest_plugin_registered --> [] [hook]
      pytest_plugin_registered [hook]
          plugin: <module '_pytest.warnings' from '/Users/anastasiavoropaeva/Documents/Luxe_Quality/Pytest/.venv/lib/python3.13/site-packages/_pytest/warnings.py'>
          plugin_name: warnings
          manager: <_pytest.config.PytestPluginManager object at 0x1010db620>
      finish pytest_plugin_registered --> [] [hook]
      pytest_plugin_registered [hook]
          plugin: <module '_pytest.logging' from '/Users/anastasiavoropaeva/Documents/Luxe_Quality/Pytest/.venv/lib/python3.13/site-packages/_pytest/logging.py'>
          plugin_name: logging
          manager: <_pytest.config.PytestPluginManager object at 0x1010db620>
      finish pytest_plugin_registered --> [] [hook]
      pytest_plugin_registered [hook]
          plugin: <module '_pytest.reports' from '/Users/anastasiavoropaeva/Documents/Luxe_Quality/Pytest/.venv/lib/python3.13/site-packages/_pytest/reports.py'>
          plugin_name: reports
          manager: <_pytest.config.PytestPluginManager object at 0x1010db620>
      finish pytest_plugin_registered --> [] [hook]
      pytest_plugin_registered [hook]
          plugin: <module '_pytest.python_path' from '/Users/anastasiavoropaeva/Documents/Luxe_Quality/Pytest/.venv/lib/python3.13/site-packages/_pytest/python_path.py'>
          plugin_name: python_path
          manager: <_pytest.config.PytestPluginManager object at 0x1010db620>
      finish pytest_plugin_registered --> [] [hook]
      pytest_plugin_registered [hook]
          plugin: <module '_pytest.unraisableexception' from '/Users/anastasiavoropaeva/Documents/Luxe_Quality/Pytest/.venv/lib/python3.13/site-packages/_pytest/unraisableexception.py'>
          plugin_name: unraisableexception
          manager: <_pytest.config.PytestPluginManager object at 0x1010db620>
      finish pytest_plugin_registered --> [] [hook]
      pytest_plugin_registered [hook]
          plugin: <module '_pytest.threadexception' from '/Users/anastasiavoropaeva/Documents/Luxe_Quality/Pytest/.venv/lib/python3.13/site-packages/_pytest/threadexception.py'>
          plugin_name: threadexception
          manager: <_pytest.config.PytestPluginManager object at 0x1010db620>
      finish pytest_plugin_registered --> [] [hook]
      pytest_plugin_registered [hook]
          plugin: <module '_pytest.faulthandler' from '/Users/anastasiavoropaeva/Documents/Luxe_Quality/Pytest/.venv/lib/python3.13/site-packages/_pytest/faulthandler.py'>
          plugin_name: faulthandler
          manager: <_pytest.config.PytestPluginManager object at 0x1010db620>
      finish pytest_plugin_registered --> [] [hook]
      pytest_plugin_registered [hook]
          plugin: <module 'faker.contrib.pytest.plugin' from '/Users/anastasiavoropaeva/Documents/Luxe_Quality/Pytest/.venv/lib/python3.13/site-packages/faker/contrib/pytest/plugin.py'>
          plugin_name: faker
          manager: <_pytest.config.PytestPluginManager object at 0x1010db620>
      finish pytest_plugin_registered --> [] [hook]
      pytest_plugin_registered [hook]
          plugin: <module 'pytest_playwright.pytest_playwright' from '/Users/anastasiavoropaeva/Documents/Luxe_Quality/Pytest/.venv/lib/python3.13/site-packages/pytest_playwright/pytest_playwright.py'>
          plugin_name: playwright
          manager: <_pytest.config.PytestPluginManager object at 0x1010db620>
      finish pytest_plugin_registered --> [] [hook]
      pytest_plugin_registered [hook]
          plugin: <module 'pytest_asyncio.plugin' from '/Users/anastasiavoropaeva/Documents/Luxe_Quality/Pytest/.venv/lib/python3.13/site-packages/pytest_asyncio/plugin.py'>
          plugin_name: asyncio
          manager: <_pytest.config.PytestPluginManager object at 0x1010db620>
      finish pytest_plugin_registered --> [] [hook]
      pytest_plugin_registered [hook]
          plugin: <module 'pytest_base_url.plugin' from '/Users/anastasiavoropaeva/Documents/Luxe_Quality/Pytest/.venv/lib/python3.13/site-packages/pytest_base_url/plugin.py'>
          plugin_name: base_url
          manager: <_pytest.config.PytestPluginManager object at 0x1010db620>
      finish pytest_plugin_registered --> [] [hook]
      pytest_plugin_registered [hook]
          plugin: <CaptureManager _method='fd' _global_capturing=<MultiCapture out=<FDCapture 1 oldfd=5 _state='suspended' tmpfile=<EncodedFile name="<_io.FileIO name=6 mode='rb+' closefd=True>" mode='r+' encoding='utf-8'>> err=<FDCapture 2 oldfd=7 _state='suspended' tmpfile=<EncodedFile name="<_io.FileIO name=8 mode='rb+' closefd=True>" mode='r+' encoding='utf-8'>> in_=<FDCapture 0 oldfd=3 _state='started' tmpfile=<_io.TextIOWrapper name='/dev/null' mode='r' encoding='utf-8'>> _state='suspended' _in_suspended=False> _capture_fixture=None>
          plugin_name: capturemanager
          manager: <_pytest.config.PytestPluginManager object at 0x1010db620>
      finish pytest_plugin_registered --> [] [hook]
      pytest_plugin_registered [hook]
          plugin: <module 'tests.conftest' from '/Users/anastasiavoropaeva/Documents/Luxe_Quality/Pytest/tests/conftest.py'>
          plugin_name: /Users/anastasiavoropaeva/Documents/Luxe_Quality/Pytest/tests/conftest.py
          manager: <_pytest.config.PytestPluginManager object at 0x1010db620>
      finish pytest_plugin_registered --> [] [hook]
      pytest_plugin_registered [hook]
          plugin: <Session  exitstatus=<ExitCode.OK: 0> testsfailed=0 testscollected=0>
          plugin_name: session
          manager: <_pytest.config.PytestPluginManager object at 0x1010db620>
      finish pytest_plugin_registered --> [] [hook]
      pytest_plugin_registered [hook]
          plugin: <_pytest.cacheprovider.LFPlugin object at 0x1021eb380>
          plugin_name: lfplugin
          manager: <_pytest.config.PytestPluginManager object at 0x1010db620>
      finish pytest_plugin_registered --> [] [hook]
      pytest_plugin_registered [hook]
          plugin: <_pytest.cacheprovider.NFPlugin object at 0x1027aacf0>
          plugin_name: nfplugin
          manager: <_pytest.config.PytestPluginManager object at 0x1010db620>
      finish pytest_plugin_registered --> [] [hook]
      pytest_plugin_registered [hook]
          plugin: <class '_pytest.legacypath.LegacyTmpdirPlugin'>
          plugin_name: legacypath-tmpdir
          manager: <_pytest.config.PytestPluginManager object at 0x1010db620>
      finish pytest_plugin_registered --> [] [hook]
      pytest_plugin_registered [hook]
          plugin: <_pytest.terminal.TerminalReporter object at 0x1028702f0>
          plugin_name: terminalreporter
          manager: <_pytest.config.PytestPluginManager object at 0x1010db620>
      finish pytest_plugin_registered --> [] [hook]
      pytest_plugin_registered [hook]
          plugin: <_pytest.logging.LoggingPlugin object at 0x102870590>
          plugin_name: logging-plugin
          manager: <_pytest.config.PytestPluginManager object at 0x1010db620>
      finish pytest_plugin_registered --> [] [hook]
      pytest_plugin_registered [hook]
          plugin: <_pytest.fixtures.FixtureManager object at 0x102870ec0>
          plugin_name: funcmanage
          manager: <_pytest.config.PytestPluginManager object at 0x1010db620>
      finish pytest_plugin_registered --> [] [hook]
      pytest_report_header [hook]
          config: <_pytest.config.Config object at 0x1012a6270>
          start_path: /Users/anastasiavoropaeva/Documents/Luxe_Quality/Pytest
          startdir: /Users/anastasiavoropaeva/Documents/Luxe_Quality/Pytest
      early skip of rewriting module: importlib.metadata._adapters [assertion]
      early skip of rewriting module: email.message [assertion]
      early skip of rewriting module: quopri [assertion]
      early skip of rewriting module: email.utils [assertion]
      early skip of rewriting module: email._parseaddr [assertion]
      early skip of rewriting module: email.errors [assertion]
      early skip of rewriting module: email._policybase [assertion]
      early skip of rewriting module: email.header [assertion]
      early skip of rewriting module: email.quoprimime [assertion]
      early skip of rewriting module: email.base64mime [assertion]
      early skip of rewriting module: email.charset [assertion]
      early skip of rewriting module: email.encoders [assertion]
      early skip of rewriting module: email._encoded_words [assertion]
      early skip of rewriting module: email.iterators [assertion]
      early skip of rewriting module: importlib.metadata._text [assertion]
      early skip of rewriting module: email.parser [assertion]
      early skip of rewriting module: email.feedparser [assertion]
      finish pytest_report_header --> [['asyncio: mode=Mode.STRICT, asyncio_default_fixture_loop_scope=function, asyncio_default_test_loop_scope=function'], ['rootdir: /Users/anastasiavoropaeva/Documents/Luxe_Quality/Pytest', 'configfile: pytest.ini', 'plugins: Faker-37.1.0, playwright-0.7.0, asyncio-0.26.0, base-url-2.1.0'], ['using: pytest-8.3.5', 'registered third-party plugins:', '  Faker-37.1.0 at /Users/anastasiavoropaeva/Documents/Luxe_Quality/Pytest/.venv/lib/python3.13/site-packages/faker/contrib/pytest/plugin.py', '  pytest-playwright-0.7.0 at /Users/anastasiavoropaeva/Documents/Luxe_Quality/Pytest/.venv/lib/python3.13/site-packages/pytest_playwright/pytest_playwright.py', '  pytest-asyncio-0.26.0 at /Users/anastasiavoropaeva/Documents/Luxe_Quality/Pytest/.venv/lib/python3.13/site-packages/pytest_asyncio/plugin.py', '  pytest-base-url-2.1.0 at /Users/anastasiavoropaeva/Documents/Luxe_Quality/Pytest/.venv/lib/python3.13/site-packages/pytest_base_url/plugin.py']] [hook]
    finish pytest_sessionstart --> [] [hook]
    pytest_collection [hook]
        session: <Session  exitstatus=<ExitCode.OK: 0> testsfailed=0 testscollected=0>
    perform_collect <Session  exitstatus=<ExitCode.OK: 0> testsfailed=0 testscollected=0> ['tests/test_contact_us.py'] [collection]
        pytest_collectstart [hook]
            collector: <Session  exitstatus=<ExitCode.OK: 0> testsfailed=0 testscollected=0>
        finish pytest_collectstart --> [] [hook]
        pytest_make_collect_report [hook]
            collector: <Session  exitstatus=<ExitCode.OK: 0> testsfailed=0 testscollected=0>
        processing argument CollectionArgument(path=PosixPath('/Users/anastasiavoropaeva/Documents/Luxe_Quality/Pytest/tests/test_contact_us.py'), parts=[], module_name=None) [collection]
            pytest_collect_directory [hook]
                path: /Users/anastasiavoropaeva/Documents/Luxe_Quality/Pytest
                parent: <Session  exitstatus=<ExitCode.OK: 0> testsfailed=0 testscollected=0>
            finish pytest_collect_directory --> <Dir Pytest> [hook]
            pytest_collectstart [hook]
                collector: <Dir Pytest>
            finish pytest_collectstart --> [] [hook]
            pytest_make_collect_report [hook]
                collector: <Dir Pytest>
              pytest_ignore_collect [hook]
                  config: <_pytest.config.Config object at 0x1012a6270>
                  collection_path: /Users/anastasiavoropaeva/Documents/Luxe_Quality/Pytest/.DS_Store
                  path: /Users/anastasiavoropaeva/Documents/Luxe_Quality/Pytest/.DS_Store
              finish pytest_ignore_collect --> None [hook]
              pytest_collect_file [hook]
                  parent: <Dir Pytest>
                  file_path: /Users/anastasiavoropaeva/Documents/Luxe_Quality/Pytest/.DS_Store
                  path: /Users/anastasiavoropaeva/Documents/Luxe_Quality/Pytest/.DS_Store
              finish pytest_collect_file --> [] [hook]
              pytest_ignore_collect [hook]
                  config: <_pytest.config.Config object at 0x1012a6270>
                  collection_path: /Users/anastasiavoropaeva/Documents/Luxe_Quality/Pytest/.env
                  path: /Users/anastasiavoropaeva/Documents/Luxe_Quality/Pytest/.env
              finish pytest_ignore_collect --> None [hook]
              pytest_collect_file [hook]
                  parent: <Dir Pytest>
                  file_path: /Users/anastasiavoropaeva/Documents/Luxe_Quality/Pytest/.env
                  path: /Users/anastasiavoropaeva/Documents/Luxe_Quality/Pytest/.env
              finish pytest_collect_file --> [] [hook]
              pytest_ignore_collect [hook]
                  config: <_pytest.config.Config object at 0x1012a6270>
                  collection_path: /Users/anastasiavoropaeva/Documents/Luxe_Quality/Pytest/.git
                  path: /Users/anastasiavoropaeva/Documents/Luxe_Quality/Pytest/.git
              finish pytest_ignore_collect --> True [hook]
              pytest_ignore_collect [hook]
                  config: <_pytest.config.Config object at 0x1012a6270>
                  collection_path: /Users/anastasiavoropaeva/Documents/Luxe_Quality/Pytest/.gitignore
                  path: /Users/anastasiavoropaeva/Documents/Luxe_Quality/Pytest/.gitignore
              finish pytest_ignore_collect --> None [hook]
              pytest_collect_file [hook]
                  parent: <Dir Pytest>
                  file_path: /Users/anastasiavoropaeva/Documents/Luxe_Quality/Pytest/.gitignore
                  path: /Users/anastasiavoropaeva/Documents/Luxe_Quality/Pytest/.gitignore
              finish pytest_collect_file --> [] [hook]
              pytest_ignore_collect [hook]
                  config: <_pytest.config.Config object at 0x1012a6270>
                  collection_path: /Users/anastasiavoropaeva/Documents/Luxe_Quality/Pytest/.idea
                  path: /Users/anastasiavoropaeva/Documents/Luxe_Quality/Pytest/.idea
              finish pytest_ignore_collect --> True [hook]
              pytest_ignore_collect [hook]
                  config: <_pytest.config.Config object at 0x1012a6270>
                  collection_path: /Users/anastasiavoropaeva/Documents/Luxe_Quality/Pytest/.pytest_cache
                  path: /Users/anastasiavoropaeva/Documents/Luxe_Quality/Pytest/.pytest_cache
              finish pytest_ignore_collect --> True [hook]
              pytest_ignore_collect [hook]
                  config: <_pytest.config.Config object at 0x1012a6270>
                  collection_path: /Users/anastasiavoropaeva/Documents/Luxe_Quality/Pytest/.venv
                  path: /Users/anastasiavoropaeva/Documents/Luxe_Quality/Pytest/.venv
              finish pytest_ignore_collect --> True [hook]
              pytest_ignore_collect [hook]
                  config: <_pytest.config.Config object at 0x1012a6270>
                  collection_path: /Users/anastasiavoropaeva/Documents/Luxe_Quality/Pytest/Pipfile
                  path: /Users/anastasiavoropaeva/Documents/Luxe_Quality/Pytest/Pipfile
              finish pytest_ignore_collect --> None [hook]
              pytest_collect_file [hook]
                  parent: <Dir Pytest>
                  file_path: /Users/anastasiavoropaeva/Documents/Luxe_Quality/Pytest/Pipfile
                  path: /Users/anastasiavoropaeva/Documents/Luxe_Quality/Pytest/Pipfile
              finish pytest_collect_file --> [] [hook]
              pytest_ignore_collect [hook]
                  config: <_pytest.config.Config object at 0x1012a6270>
                  collection_path: /Users/anastasiavoropaeva/Documents/Luxe_Quality/Pytest/Pipfile.lock
                  path: /Users/anastasiavoropaeva/Documents/Luxe_Quality/Pytest/Pipfile.lock
              finish pytest_ignore_collect --> None [hook]
              pytest_collect_file [hook]
                  parent: <Dir Pytest>
                  file_path: /Users/anastasiavoropaeva/Documents/Luxe_Quality/Pytest/Pipfile.lock
                  path: /Users/anastasiavoropaeva/Documents/Luxe_Quality/Pytest/Pipfile.lock
              finish pytest_collect_file --> [] [hook]
              pytest_ignore_collect [hook]
                  config: <_pytest.config.Config object at 0x1012a6270>
                  collection_path: /Users/anastasiavoropaeva/Documents/Luxe_Quality/Pytest/data
                  path: /Users/anastasiavoropaeva/Documents/Luxe_Quality/Pytest/data
              finish pytest_ignore_collect --> None [hook]
              pytest_collect_directory [hook]
                  path: /Users/anastasiavoropaeva/Documents/Luxe_Quality/Pytest/data
                  parent: <Dir Pytest>
              finish pytest_collect_directory --> <Dir data> [hook]
              pytest_ignore_collect [hook]
                  config: <_pytest.config.Config object at 0x1012a6270>
                  collection_path: /Users/anastasiavoropaeva/Documents/Luxe_Quality/Pytest/pages
                  path: /Users/anastasiavoropaeva/Documents/Luxe_Quality/Pytest/pages
              finish pytest_ignore_collect --> None [hook]
              pytest_collect_directory [hook]
                  path: /Users/anastasiavoropaeva/Documents/Luxe_Quality/Pytest/pages
                  parent: <Dir Pytest>
              finish pytest_collect_directory --> <Dir pages> [hook]
              pytest_ignore_collect [hook]
                  config: <_pytest.config.Config object at 0x1012a6270>
                  collection_path: /Users/anastasiavoropaeva/Documents/Luxe_Quality/Pytest/pytest.ini
                  path: /Users/anastasiavoropaeva/Documents/Luxe_Quality/Pytest/pytest.ini
              finish pytest_ignore_collect --> None [hook]
              pytest_collect_file [hook]
                  parent: <Dir Pytest>
                  file_path: /Users/anastasiavoropaeva/Documents/Luxe_Quality/Pytest/pytest.ini
                  path: /Users/anastasiavoropaeva/Documents/Luxe_Quality/Pytest/pytest.ini
              finish pytest_collect_file --> [] [hook]
              pytest_ignore_collect [hook]
                  config: <_pytest.config.Config object at 0x1012a6270>
                  collection_path: /Users/anastasiavoropaeva/Documents/Luxe_Quality/Pytest/pytestdebug.log
                  path: /Users/anastasiavoropaeva/Documents/Luxe_Quality/Pytest/pytestdebug.log
              finish pytest_ignore_collect --> None [hook]
              pytest_collect_file [hook]
                  parent: <Dir Pytest>
                  file_path: /Users/anastasiavoropaeva/Documents/Luxe_Quality/Pytest/pytestdebug.log
                  path: /Users/anastasiavoropaeva/Documents/Luxe_Quality/Pytest/pytestdebug.log
              finish pytest_collect_file --> [] [hook]
              pytest_ignore_collect [hook]
                  config: <_pytest.config.Config object at 0x1012a6270>
                  collection_path: /Users/anastasiavoropaeva/Documents/Luxe_Quality/Pytest/test_upload.txt
                  path: /Users/anastasiavoropaeva/Documents/Luxe_Quality/Pytest/test_upload.txt
              finish pytest_ignore_collect --> None [hook]
              pytest_collect_file [hook]
                  parent: <Dir Pytest>
                  file_path: /Users/anastasiavoropaeva/Documents/Luxe_Quality/Pytest/test_upload.txt
                  path: /Users/anastasiavoropaeva/Documents/Luxe_Quality/Pytest/test_upload.txt
              finish pytest_collect_file --> [<DoctestTextfile test_upload.txt>] [hook]
              pytest_collect_directory [hook]
                  path: /Users/anastasiavoropaeva/Documents/Luxe_Quality/Pytest/tests
                  parent: <Dir Pytest>
              finish pytest_collect_directory --> <Package tests> [hook]
              pytest_ignore_collect [hook]
                  config: <_pytest.config.Config object at 0x1012a6270>
                  collection_path: /Users/anastasiavoropaeva/Documents/Luxe_Quality/Pytest/utils
                  path: /Users/anastasiavoropaeva/Documents/Luxe_Quality/Pytest/utils
              finish pytest_ignore_collect --> None [hook]
              pytest_collect_directory [hook]
                  path: /Users/anastasiavoropaeva/Documents/Luxe_Quality/Pytest/utils
                  parent: <Dir Pytest>
              finish pytest_collect_directory --> <Dir utils> [hook]
            finish pytest_make_collect_report --> <CollectReport '.' lenresult=5 outcome='passed'> [hook]
            pytest_collectstart [hook]
                collector: <Package tests>
            finish pytest_collectstart --> [] [hook]
            pytest_make_collect_report [hook]
                collector: <Package tests>
              pytest_ignore_collect [hook]
                  config: <_pytest.config.Config object at 0x1012a6270>
                  collection_path: /Users/anastasiavoropaeva/Documents/Luxe_Quality/Pytest/tests/__init__.py
                  path: /Users/anastasiavoropaeva/Documents/Luxe_Quality/Pytest/tests/__init__.py
              finish pytest_ignore_collect --> None [hook]
              pytest_collect_file [hook]
                  parent: <Package tests>
                  file_path: /Users/anastasiavoropaeva/Documents/Luxe_Quality/Pytest/tests/__init__.py
                  path: /Users/anastasiavoropaeva/Documents/Luxe_Quality/Pytest/tests/__init__.py
              finish pytest_collect_file --> [] [hook]
              pytest_ignore_collect [hook]
                  config: <_pytest.config.Config object at 0x1012a6270>
                  collection_path: /Users/anastasiavoropaeva/Documents/Luxe_Quality/Pytest/tests/__pycache__
                  path: /Users/anastasiavoropaeva/Documents/Luxe_Quality/Pytest/tests/__pycache__
              finish pytest_ignore_collect --> True [hook]
              pytest_ignore_collect [hook]
                  config: <_pytest.config.Config object at 0x1012a6270>
                  collection_path: /Users/anastasiavoropaeva/Documents/Luxe_Quality/Pytest/tests/conftest.py
                  path: /Users/anastasiavoropaeva/Documents/Luxe_Quality/Pytest/tests/conftest.py
              finish pytest_ignore_collect --> None [hook]
              pytest_collect_file [hook]
                  parent: <Package tests>
                  file_path: /Users/anastasiavoropaeva/Documents/Luxe_Quality/Pytest/tests/conftest.py
                  path: /Users/anastasiavoropaeva/Documents/Luxe_Quality/Pytest/tests/conftest.py
              finish pytest_collect_file --> [] [hook]
              pytest_collect_file [hook]
                  parent: <Package tests>
                  file_path: /Users/anastasiavoropaeva/Documents/Luxe_Quality/Pytest/tests/test_contact_us.py
                  path: /Users/anastasiavoropaeva/Documents/Luxe_Quality/Pytest/tests/test_contact_us.py
                pytest_pycollect_makemodule [hook]
                    parent: <Package tests>
                    module_path: /Users/anastasiavoropaeva/Documents/Luxe_Quality/Pytest/tests/test_contact_us.py
                    path: /Users/anastasiavoropaeva/Documents/Luxe_Quality/Pytest/tests/test_contact_us.py
                finish pytest_pycollect_makemodule --> <Module test_contact_us.py> [hook]
              finish pytest_collect_file --> [<Module test_contact_us.py>] [hook]
              pytest_ignore_collect [hook]
                  config: <_pytest.config.Config object at 0x1012a6270>
                  collection_path: /Users/anastasiavoropaeva/Documents/Luxe_Quality/Pytest/tests/test_invalid_login.py
                  path: /Users/anastasiavoropaeva/Documents/Luxe_Quality/Pytest/tests/test_invalid_login.py
              finish pytest_ignore_collect --> None [hook]
              pytest_collect_file [hook]
                  parent: <Package tests>
                  file_path: /Users/anastasiavoropaeva/Documents/Luxe_Quality/Pytest/tests/test_invalid_login.py
                  path: /Users/anastasiavoropaeva/Documents/Luxe_Quality/Pytest/tests/test_invalid_login.py
                pytest_pycollect_makemodule [hook]
                    parent: <Package tests>
                    module_path: /Users/anastasiavoropaeva/Documents/Luxe_Quality/Pytest/tests/test_invalid_login.py
                    path: /Users/anastasiavoropaeva/Documents/Luxe_Quality/Pytest/tests/test_invalid_login.py
                finish pytest_pycollect_makemodule --> <Module test_invalid_login.py> [hook]
              finish pytest_collect_file --> [<Module test_invalid_login.py>] [hook]
              pytest_ignore_collect [hook]
                  config: <_pytest.config.Config object at 0x1012a6270>
                  collection_path: /Users/anastasiavoropaeva/Documents/Luxe_Quality/Pytest/tests/test_logout.py
                  path: /Users/anastasiavoropaeva/Documents/Luxe_Quality/Pytest/tests/test_logout.py
              finish pytest_ignore_collect --> None [hook]
              pytest_collect_file [hook]
                  parent: <Package tests>
                  file_path: /Users/anastasiavoropaeva/Documents/Luxe_Quality/Pytest/tests/test_logout.py
                  path: /Users/anastasiavoropaeva/Documents/Luxe_Quality/Pytest/tests/test_logout.py
                pytest_pycollect_makemodule [hook]
                    parent: <Package tests>
                    module_path: /Users/anastasiavoropaeva/Documents/Luxe_Quality/Pytest/tests/test_logout.py
                    path: /Users/anastasiavoropaeva/Documents/Luxe_Quality/Pytest/tests/test_logout.py
                finish pytest_pycollect_makemodule --> <Module test_logout.py> [hook]
              finish pytest_collect_file --> [<Module test_logout.py>] [hook]
              pytest_ignore_collect [hook]
                  config: <_pytest.config.Config object at 0x1012a6270>
                  collection_path: /Users/anastasiavoropaeva/Documents/Luxe_Quality/Pytest/tests/test_same_email_signup.py
                  path: /Users/anastasiavoropaeva/Documents/Luxe_Quality/Pytest/tests/test_same_email_signup.py
              finish pytest_ignore_collect --> None [hook]
              pytest_collect_file [hook]
                  parent: <Package tests>
                  file_path: /Users/anastasiavoropaeva/Documents/Luxe_Quality/Pytest/tests/test_same_email_signup.py
                  path: /Users/anastasiavoropaeva/Documents/Luxe_Quality/Pytest/tests/test_same_email_signup.py
                pytest_pycollect_makemodule [hook]
                    parent: <Package tests>
                    module_path: /Users/anastasiavoropaeva/Documents/Luxe_Quality/Pytest/tests/test_same_email_signup.py
                    path: /Users/anastasiavoropaeva/Documents/Luxe_Quality/Pytest/tests/test_same_email_signup.py
                finish pytest_pycollect_makemodule --> <Module test_same_email_signup.py> [hook]
              finish pytest_collect_file --> [<Module test_same_email_signup.py>] [hook]
              pytest_ignore_collect [hook]
                  config: <_pytest.config.Config object at 0x1012a6270>
                  collection_path: /Users/anastasiavoropaeva/Documents/Luxe_Quality/Pytest/tests/test_signup.py
                  path: /Users/anastasiavoropaeva/Documents/Luxe_Quality/Pytest/tests/test_signup.py
              finish pytest_ignore_collect --> None [hook]
              pytest_collect_file [hook]
                  parent: <Package tests>
                  file_path: /Users/anastasiavoropaeva/Documents/Luxe_Quality/Pytest/tests/test_signup.py
                  path: /Users/anastasiavoropaeva/Documents/Luxe_Quality/Pytest/tests/test_signup.py
                pytest_pycollect_makemodule [hook]
                    parent: <Package tests>
                    module_path: /Users/anastasiavoropaeva/Documents/Luxe_Quality/Pytest/tests/test_signup.py
                    path: /Users/anastasiavoropaeva/Documents/Luxe_Quality/Pytest/tests/test_signup.py
                finish pytest_pycollect_makemodule --> <Module test_signup.py> [hook]
              finish pytest_collect_file --> [<Module test_signup.py>] [hook]
              pytest_ignore_collect [hook]
                  config: <_pytest.config.Config object at 0x1012a6270>
                  collection_path: /Users/anastasiavoropaeva/Documents/Luxe_Quality/Pytest/tests/test_valid_login.py
                  path: /Users/anastasiavoropaeva/Documents/Luxe_Quality/Pytest/tests/test_valid_login.py
              finish pytest_ignore_collect --> None [hook]
              pytest_collect_file [hook]
                  parent: <Package tests>
                  file_path: /Users/anastasiavoropaeva/Documents/Luxe_Quality/Pytest/tests/test_valid_login.py
                  path: /Users/anastasiavoropaeva/Documents/Luxe_Quality/Pytest/tests/test_valid_login.py
                pytest_pycollect_makemodule [hook]
                    parent: <Package tests>
                    module_path: /Users/anastasiavoropaeva/Documents/Luxe_Quality/Pytest/tests/test_valid_login.py
                    path: /Users/anastasiavoropaeva/Documents/Luxe_Quality/Pytest/tests/test_valid_login.py
                finish pytest_pycollect_makemodule --> <Module test_valid_login.py> [hook]
              finish pytest_collect_file --> [<Module test_valid_login.py>] [hook]
            finish pytest_make_collect_report --> <CollectReport 'tests' lenresult=6 outcome='passed'> [hook]
        finish pytest_make_collect_report --> <CollectReport '' lenresult=1 outcome='passed'> [hook]
        pytest_collectreport [hook]
            report: <CollectReport '' lenresult=1 outcome='passed'>
        finish pytest_collectreport --> [] [hook]
    genitems <Module test_contact_us.py> [collection]
      pytest_collectstart [hook]
          collector: <Module test_contact_us.py>
      finish pytest_collectstart --> [] [hook]
      pytest_make_collect_report [hook]
          collector: <Module test_contact_us.py>
      find_module called for: tests.test_contact_us [assertion]
      matched test file (was specified on cmdline): '/Users/anastasiavoropaeva/Documents/Luxe_Quality/Pytest/tests/test_contact_us.py' [assertion]
      _read_pyc(/Users/anastasiavoropaeva/Documents/Luxe_Quality/Pytest/tests/test_contact_us.py): out of date [assertion]
      rewriting PosixPath('/Users/anastasiavoropaeva/Documents/Luxe_Quality/Pytest/tests/test_contact_us.py') [assertion]
        pytest_pycollect_makeitem [hook]
            collector: <Module test_contact_us.py>
            name: @py_builtins
            obj: <module 'builtins' (built-in)>
        finish pytest_pycollect_makeitem --> None [hook]
        pytest_pycollect_makeitem [hook]
            collector: <Module test_contact_us.py>
            name: @pytest_ar
            obj: <module '_pytest.assertion.rewrite' from '/Users/anastasiavoropaeva/Documents/Luxe_Quality/Pytest/.venv/lib/python3.13/site-packages/_pytest/assertion/rewrite.py'>
        finish pytest_pycollect_makeitem --> None [hook]
        pytest_pycollect_makeitem [hook]
            collector: <Module test_contact_us.py>
            name: pytest
            obj: <module 'pytest' from '/Users/anastasiavoropaeva/Documents/Luxe_Quality/Pytest/.venv/lib/python3.13/site-packages/pytest/__init__.py'>
        finish pytest_pycollect_makeitem --> None [hook]
        pytest_pycollect_makeitem [hook]
            collector: <Module test_contact_us.py>
            name: test_contact_us_form
            obj: <function test_contact_us_form at 0x1028fce00>
          pytest_generate_tests [hook]
              metafunc: <_pytest.python.Metafunc object at 0x1028734d0>
            pytest_make_parametrize_id [hook]
                config: <_pytest.config.Config object at 0x1012a6270>
                val: chromium
                argname: browser_name
            finish pytest_make_parametrize_id --> None [hook]
          early skip of rewriting module: encodings.unicode_escape [assertion]
          finish pytest_generate_tests --> [] [hook]
        finish pytest_pycollect_makeitem --> [<Function test_contact_us_form[chromium]>] [hook]
        pytest_pycollect_makeitem [hook]
            collector: <Module test_contact_us.py>
            name: __pytest_asyncio_scoped_event_loop
            obj: <function pytest_collectstart.<locals>.scoped_event_loop at 0x1028fc9a0>
        finish pytest_pycollect_makeitem --> None [hook]
        pytest_pycollect_makeitem [hook]
            collector: <Module test_contact_us.py>
            name: __pytest_asyncio_package_scoped_event_loop
            obj: <function pytest_collectstart.<locals>.scoped_event_loop at 0x1028fc180>
        finish pytest_pycollect_makeitem --> None [hook]
      finish pytest_make_collect_report --> <CollectReport 'tests/test_contact_us.py' lenresult=1 outcome='passed'> [hook]
    genitems <Function test_contact_us_form[chromium]> [collection]
      pytest_itemcollected [hook]
          item: <Function test_contact_us_form[chromium]>
      finish pytest_itemcollected --> [] [hook]
      pytest_collectreport [hook]
          report: <CollectReport 'tests/test_contact_us.py' lenresult=1 outcome='passed'>
      finish pytest_collectreport --> [] [hook]
      pytest_collection_modifyitems [hook]
          session: <Session  exitstatus=<ExitCode.OK: 0> testsfailed=0 testscollected=0>
          config: <_pytest.config.Config object at 0x1012a6270>
          items: [<Function test_contact_us_form[chromium]>]
      finish pytest_collection_modifyitems --> [] [hook]
      pytest_collection_finish [hook]
          session: <Session  exitstatus=<ExitCode.OK: 0> testsfailed=0 testscollected=0>
        pytest_report_collectionfinish [hook]
            config: <_pytest.config.Config object at 0x1012a6270>
            items: [<Function test_contact_us_form[chromium]>]
            start_path: /Users/anastasiavoropaeva/Documents/Luxe_Quality/Pytest
            startdir: /Users/anastasiavoropaeva/Documents/Luxe_Quality/Pytest
        finish pytest_report_collectionfinish --> [] [hook]
      finish pytest_collection_finish --> [] [hook]
    finish pytest_collection --> None [hook]
    pytest_runtestloop [hook]
        session: <Session  exitstatus=<ExitCode.OK: 0> testsfailed=0 testscollected=1>
      pytest_runtest_protocol [hook]
          item: <Function test_contact_us_form[chromium]>
          nextitem: None
        pytest_runtest_logstart [hook]
            nodeid: tests/test_contact_us.py::test_contact_us_form[chromium]
            location: ('tests/test_contact_us.py', 2, 'test_contact_us_form[chromium]')
        finish pytest_runtest_logstart --> [] [hook]
        pytest_runtest_setup [hook]
            item: <Function test_contact_us_form[chromium]>
          pytest_fixture_setup [hook]
              fixturedef: <FixtureDef argname='_session_faker' scope='session' baseid=''>
              request: <SubRequest '_session_faker' for <Function test_contact_us_form[chromium]>>
          finish pytest_fixture_setup --> <faker.proxy.Faker object at 0x10285a490> [hook]
          pytest_fixture_setup [hook]
              fixturedef: <FixtureDef argname='pytestconfig' scope='session' baseid=''>
              request: <SubRequest 'pytestconfig' for <Function test_contact_us_form[chromium]>>
          finish pytest_fixture_setup --> <_pytest.config.Config object at 0x1012a6270> [hook]
          pytest_fixture_setup [hook]
              fixturedef: <FixtureDef argname='delete_output_dir' scope='session' baseid=''>
              request: <SubRequest 'delete_output_dir' for <Function test_contact_us_form[chromium]>>
          finish pytest_fixture_setup --> None [hook]
          pytest_fixture_setup [hook]
              fixturedef: <FixtureDef argname='event_loop_policy' scope='session' baseid=''>
              request: <SubRequest 'event_loop_policy' for <Function test_contact_us_form[chromium]>>
          finish pytest_fixture_setup --> <asyncio.unix_events._UnixDefaultEventLoopPolicy object at 0x102873230> [hook]
          pytest_fixture_setup [hook]
              fixturedef: <FixtureDef argname='base_url' scope='session' baseid=''>
              request: <SubRequest 'base_url' for <Function test_contact_us_form[chromium]>>
          finish pytest_fixture_setup -->  [hook]
          pytest_fixture_setup [hook]
              fixturedef: <FixtureDef argname='_verify_url' scope='session' baseid=''>
              request: <SubRequest '_verify_url' for <Function test_contact_us_form[chromium]>>
          finish pytest_fixture_setup --> None [hook]
          pytest_fixture_setup [hook]
              fixturedef: <FixtureDef argname='browser_type_launch_args' scope='session' baseid=''>
              request: <SubRequest 'browser_type_launch_args' for <Function test_contact_us_form[chromium]>>
          finish pytest_fixture_setup --> [hook]
          pytest_fixture_setup [hook]
              fixturedef: <FixtureDef argname='playwright' scope='session' baseid=''>
              request: <SubRequest 'playwright' for <Function test_contact_us_form[chromium]>>
          finish pytest_fixture_setup --> <playwright._impl._playwright.Playwright object at 0x102915400> [hook]
          pytest_fixture_setup [hook]
              fixturedef: <FixtureDef argname='browser_name' scope='session' baseid=''>
              request: <SubRequest 'browser_name' for <Function test_contact_us_form[chromium]>>
          finish pytest_fixture_setup --> chromium [hook]
          pytest_fixture_setup [hook]
              fixturedef: <FixtureDef argname='browser_type' scope='session' baseid=''>
              request: <SubRequest 'browser_type' for <Function test_contact_us_form[chromium]>>
          finish pytest_fixture_setup --> <BrowserType name=chromium executable_path=/Users/anastasiavoropaeva/Library/Caches/ms-playwright/chromium-1169/chrome-mac/Chromium.app/Contents/MacOS/Chromium> [hook]
          pytest_fixture_setup [hook]
              fixturedef: <FixtureDef argname='connect_options' scope='session' baseid=''>
              request: <SubRequest 'connect_options' for <Function test_contact_us_form[chromium]>>
          finish pytest_fixture_setup --> None [hook]
          pytest_fixture_setup [hook]
              fixturedef: <FixtureDef argname='launch_browser' scope='session' baseid=''>
              request: <SubRequest 'launch_browser' for <Function test_contact_us_form[chromium]>>
          finish pytest_fixture_setup --> <function launch_browser.<locals>.launch at 0x10292ad40> [hook]
          pytest_fixture_setup [hook]
              fixturedef: <FixtureDef argname='browser' scope='session' baseid=''>
              request: <SubRequest 'browser' for <Function test_contact_us_form[chromium]>>
          finish pytest_fixture_setup --> <Browser type=<BrowserType name=chromium executable_path=/Users/anastasiavoropaeva/Library/Caches/ms-playwright/chromium-1169/chrome-mac/Chromium.app/Contents/MacOS/Chromium> version=136.0.7103.25> [hook]
          pytest_fixture_setup [hook]
              fixturedef: <FixtureDef argname='device' scope='session' baseid=''>
              request: <SubRequest 'device' for <Function test_contact_us_form[chromium]>>
          finish pytest_fixture_setup --> None [hook]
          pytest_fixture_setup [hook]
              fixturedef: <FixtureDef argname='_pw_artifacts_folder' scope='session' baseid=''>
              request: <SubRequest '_pw_artifacts_folder' for <Function test_contact_us_form[chromium]>>
          finish pytest_fixture_setup --> <TemporaryDirectory '/var/folders/d2/hc9dtw7x3q39t8wqmqfnwz4r0000gn/T/playwright-pytest-td5q5mmj'> [hook]
          pytest_fixture_setup [hook]
              fixturedef: <FixtureDef argname='browser_context_args' scope='session' baseid=''>
              request: <SubRequest 'browser_context_args' for <Function test_contact_us_form[chromium]>>
          finish pytest_fixture_setup --> [hook]
          pytest_fixture_setup [hook]
              fixturedef: <FixtureDef argname='output_path' scope='function' baseid=''>
              request: <SubRequest 'output_path' for <Function test_contact_us_form[chromium]>>
          finish pytest_fixture_setup --> /Users/anastasiavoropaeva/Documents/Luxe_Quality/Pytest/test-results/tests-test-contact-us-py-test-contact-us-form-chromium [hook]
          pytest_fixture_setup [hook]
              fixturedef: <FixtureDef argname='_artifacts_recorder' scope='function' baseid=''>
              request: <SubRequest '_artifacts_recorder' for <Function test_contact_us_form[chromium]>>
          finish pytest_fixture_setup --> <pytest_playwright.pytest_playwright.ArtifactsRecorder object at 0x102915fd0> [hook]
          pytest_fixture_setup [hook]
              fixturedef: <FixtureDef argname='new_context' scope='function' baseid=''>
              request: <SubRequest 'new_context' for <Function test_contact_us_form[chromium]>>
          finish pytest_fixture_setup --> <function new_context.<locals>._new_context at 0x1028fcfe0> [hook]
          pytest_fixture_setup [hook]
              fixturedef: <FixtureDef argname='context' scope='function' baseid=''>
              request: <SubRequest 'context' for <Function test_contact_us_form[chromium]>>
          finish pytest_fixture_setup --> <BrowserContext browser=<Browser type=<BrowserType name=chromium executable_path=/Users/anastasiavoropaeva/Library/Caches/ms-playwright/chromium-1169/chrome-mac/Chromium.app/Contents/MacOS/Chromium> version=136.0.7103.25>> [hook]
          pytest_fixture_setup [hook]
              fixturedef: <FixtureDef argname='page' scope='function' baseid=''>
              request: <SubRequest 'page' for <Function test_contact_us_form[chromium]>>
          finish pytest_fixture_setup --> <Page url='about:blank'> [hook]
          pytest_fixture_setup [hook]
              fixturedef: <FixtureDef argname='test_setup' scope='function' baseid='tests'>
              request: <SubRequest 'test_setup' for <Function test_contact_us_form[chromium]>>
          finish pytest_fixture_setup --> [hook]
              page: <Page url='https://automationexercise.com/'>
              home_page: <pages.home_page.HomePage object at 0x102917a10>
              login_page: <pages.login_signup_page.LoginPage object at 0x102917e00>
              account_deleted_page: <pages.account_pages.AccountDeletedPage object at 0x102f88050>
              signup_info_page: <pages.signup_account.SignupInfoPage object at 0x102f881a0>
              account_created_page: <pages.account_pages.AccountCreatedPage object at 0x102f882f0>
              contact_us_page: <pages.contact_us_page.ContactUsPage object at 0x102f88440>
        finish pytest_runtest_setup --> None [hook]
        pytest_runtest_makereport [hook]
            item: <Function test_contact_us_form[chromium]>
            call: <CallInfo when='setup' result: None>
        finish pytest_runtest_makereport --> <TestReport 'tests/test_contact_us.py::test_contact_us_form[chromium]' when='setup' outcome='passed'> [hook]
        pytest_runtest_logreport [hook]
            report: <TestReport 'tests/test_contact_us.py::test_contact_us_form[chromium]' when='setup' outcome='passed'>
          pytest_report_teststatus [hook]
              report: <TestReport 'tests/test_contact_us.py::test_contact_us_form[chromium]' when='setup' outcome='passed'>
              config: <_pytest.config.Config object at 0x1012a6270>
          finish pytest_report_teststatus --> ('', '', '') [hook]
        finish pytest_runtest_logreport --> [] [hook]
        pytest_runtest_call [hook]
            item: <Function test_contact_us_form[chromium]>
          pytest_pyfunc_call [hook]
              pyfuncitem: <Function test_contact_us_form[chromium]>
        pytest_runtest_makereport [hook]
            item: <Function test_contact_us_form[chromium]>
            call: <CallInfo when='call' excinfo=<ExceptionInfo TimeoutError('Timeout 30000ms exceeded while waiting for event "dialog"\n=========================== logs ===========================\nwaiting for event "dialog"\n============================================================') tblen=41>>
        finish pytest_runtest_makereport --> <TestReport 'tests/test_contact_us.py::test_contact_us_form[chromium]' when='call' outcome='failed'> [hook]
        pytest_runtest_logreport [hook]
            report: <TestReport 'tests/test_contact_us.py::test_contact_us_form[chromium]' when='call' outcome='failed'>
          pytest_report_teststatus [hook]
              report: <TestReport 'tests/test_contact_us.py::test_contact_us_form[chromium]' when='call' outcome='failed'>
              config: <_pytest.config.Config object at 0x1012a6270>
          finish pytest_report_teststatus --> ('failed', 'F', 'FAILED') [hook]
        finish pytest_runtest_logreport --> [] [hook]
        pytest_exception_interact [hook]
            node: <Function test_contact_us_form[chromium]>
            call: <CallInfo when='call' excinfo=<ExceptionInfo TimeoutError('Timeout 30000ms exceeded while waiting for event "dialog"\n=========================== logs ===========================\nwaiting for event "dialog"\n============================================================') tblen=41>>
            report: <TestReport 'tests/test_contact_us.py::test_contact_us_form[chromium]' when='call' outcome='failed'>
        finish pytest_exception_interact --> [] [hook]
        pytest_runtest_teardown [hook]
            item: <Function test_contact_us_form[chromium]>
            nextitem: None
          pytest_fixture_post_finalizer [hook]
              fixturedef: <FixtureDef argname='test_setup' scope='function' baseid='tests'>
              request: <SubRequest 'test_setup' for <Function test_contact_us_form[chromium]>>
          finish pytest_fixture_post_finalizer --> [] [hook]
          pytest_fixture_post_finalizer [hook]
              fixturedef: <FixtureDef argname='test_setup' scope='function' baseid='tests'>
              request: <SubRequest 'test_setup' for <Function test_contact_us_form[chromium]>>
          finish pytest_fixture_post_finalizer --> [] [hook]
          pytest_fixture_post_finalizer [hook]
              fixturedef: <FixtureDef argname='page' scope='function' baseid=''>
              request: <SubRequest 'page' for <Function test_contact_us_form[chromium]>>
          finish pytest_fixture_post_finalizer --> [] [hook]
          pytest_fixture_post_finalizer [hook]
              fixturedef: <FixtureDef argname='page' scope='function' baseid=''>
              request: <SubRequest 'page' for <Function test_contact_us_form[chromium]>>
          finish pytest_fixture_post_finalizer --> [] [hook]
          pytest_fixture_post_finalizer [hook]
              fixturedef: <FixtureDef argname='context' scope='function' baseid=''>
              request: <SubRequest 'context' for <Function test_contact_us_form[chromium]>>
          finish pytest_fixture_post_finalizer --> [] [hook]
          pytest_fixture_post_finalizer [hook]
              fixturedef: <FixtureDef argname='context' scope='function' baseid=''>
              request: <SubRequest 'context' for <Function test_contact_us_form[chromium]>>
          finish pytest_fixture_post_finalizer --> [] [hook]
          pytest_fixture_post_finalizer [hook]
              fixturedef: <FixtureDef argname='new_context' scope='function' baseid=''>
              request: <SubRequest 'new_context' for <Function test_contact_us_form[chromium]>>
          finish pytest_fixture_post_finalizer --> [] [hook]
          pytest_fixture_post_finalizer [hook]
              fixturedef: <FixtureDef argname='new_context' scope='function' baseid=''>
              request: <SubRequest 'new_context' for <Function test_contact_us_form[chromium]>>
          finish pytest_fixture_post_finalizer --> [] [hook]
          pytest_fixture_post_finalizer [hook]
              fixturedef: <FixtureDef argname='_artifacts_recorder' scope='function' baseid=''>
              request: <SubRequest '_artifacts_recorder' for <Function test_contact_us_form[chromium]>>
          finish pytest_fixture_post_finalizer --> [] [hook]
          pytest_fixture_post_finalizer [hook]
              fixturedef: <FixtureDef argname='_artifacts_recorder' scope='function' baseid=''>
              request: <SubRequest '_artifacts_recorder' for <Function test_contact_us_form[chromium]>>
          finish pytest_fixture_post_finalizer --> [] [hook]
          pytest_fixture_post_finalizer [hook]
              fixturedef: <FixtureDef argname='output_path' scope='function' baseid=''>
              request: <SubRequest 'output_path' for <Function test_contact_us_form[chromium]>>
          finish pytest_fixture_post_finalizer --> [] [hook]
          pytest_fixture_post_finalizer [hook]
              fixturedef: <FixtureDef argname='new_context' scope='function' baseid=''>
              request: <SubRequest 'new_context' for <Function test_contact_us_form[chromium]>>
          finish pytest_fixture_post_finalizer --> [] [hook]
          pytest_fixture_post_finalizer [hook]
              fixturedef: <FixtureDef argname='browser_context_args' scope='session' baseid=''>
              request: <SubRequest 'browser_context_args' for <Function test_contact_us_form[chromium]>>
          finish pytest_fixture_post_finalizer --> [] [hook]
          pytest_fixture_post_finalizer [hook]
              fixturedef: <FixtureDef argname='_artifacts_recorder' scope='function' baseid=''>
              request: <SubRequest '_artifacts_recorder' for <Function test_contact_us_form[chromium]>>
          finish pytest_fixture_post_finalizer --> [] [hook]
          pytest_fixture_post_finalizer [hook]
              fixturedef: <FixtureDef argname='browser_context_args' scope='session' baseid=''>
              request: <SubRequest 'browser_context_args' for <Function test_contact_us_form[chromium]>>
          finish pytest_fixture_post_finalizer --> [] [hook]
          pytest_fixture_post_finalizer [hook]
              fixturedef: <FixtureDef argname='_pw_artifacts_folder' scope='session' baseid=''>
              request: <SubRequest '_pw_artifacts_folder' for <Function test_contact_us_form[chromium]>>
          finish pytest_fixture_post_finalizer --> [] [hook]
          pytest_fixture_post_finalizer [hook]
              fixturedef: <FixtureDef argname='browser_context_args' scope='session' baseid=''>
              request: <SubRequest 'browser_context_args' for <Function test_contact_us_form[chromium]>>
          finish pytest_fixture_post_finalizer --> [] [hook]
          pytest_fixture_post_finalizer [hook]
              fixturedef: <FixtureDef argname='device' scope='session' baseid=''>
              request: <SubRequest 'device' for <Function test_contact_us_form[chromium]>>
          finish pytest_fixture_post_finalizer --> [] [hook]
          pytest_fixture_post_finalizer [hook]
              fixturedef: <FixtureDef argname='new_context' scope='function' baseid=''>
              request: <SubRequest 'new_context' for <Function test_contact_us_form[chromium]>>
          finish pytest_fixture_post_finalizer --> [] [hook]
          pytest_fixture_post_finalizer [hook]
              fixturedef: <FixtureDef argname='browser' scope='session' baseid=''>
              request: <SubRequest 'browser' for <Function test_contact_us_form[chromium]>>
          finish pytest_fixture_post_finalizer --> [] [hook]
          pytest_fixture_post_finalizer [hook]
              fixturedef: <FixtureDef argname='browser' scope='session' baseid=''>
              request: <SubRequest 'browser' for <Function test_contact_us_form[chromium]>>
          finish pytest_fixture_post_finalizer --> [] [hook]
          pytest_fixture_post_finalizer [hook]
              fixturedef: <FixtureDef argname='launch_browser' scope='session' baseid=''>
              request: <SubRequest 'launch_browser' for <Function test_contact_us_form[chromium]>>
          finish pytest_fixture_post_finalizer --> [] [hook]
          pytest_fixture_post_finalizer [hook]
              fixturedef: <FixtureDef argname='launch_browser' scope='session' baseid=''>
              request: <SubRequest 'launch_browser' for <Function test_contact_us_form[chromium]>>
          finish pytest_fixture_post_finalizer --> [] [hook]
          pytest_fixture_post_finalizer [hook]
              fixturedef: <FixtureDef argname='connect_options' scope='session' baseid=''>
              request: <SubRequest 'connect_options' for <Function test_contact_us_form[chromium]>>
          finish pytest_fixture_post_finalizer --> [] [hook]
          pytest_fixture_post_finalizer [hook]
              fixturedef: <FixtureDef argname='launch_browser' scope='session' baseid=''>
              request: <SubRequest 'launch_browser' for <Function test_contact_us_form[chromium]>>
          finish pytest_fixture_post_finalizer --> [] [hook]
          pytest_fixture_post_finalizer [hook]
              fixturedef: <FixtureDef argname='browser_type' scope='session' baseid=''>
              request: <SubRequest 'browser_type' for <Function test_contact_us_form[chromium]>>
          finish pytest_fixture_post_finalizer --> [] [hook]
          pytest_fixture_post_finalizer [hook]
              fixturedef: <FixtureDef argname='browser_type' scope='session' baseid=''>
              request: <SubRequest 'browser_type' for <Function test_contact_us_form[chromium]>>
          finish pytest_fixture_post_finalizer --> [] [hook]
          pytest_fixture_post_finalizer [hook]
              fixturedef: <FixtureDef argname='browser_name' scope='session' baseid=''>
              request: <SubRequest 'browser_name' for <Function test_contact_us_form[chromium]>>
          finish pytest_fixture_post_finalizer --> [] [hook]
          pytest_fixture_post_finalizer [hook]
              fixturedef: <FixtureDef argname='_artifacts_recorder' scope='function' baseid=''>
              request: <SubRequest '_artifacts_recorder' for <Function test_contact_us_form[chromium]>>
          finish pytest_fixture_post_finalizer --> [] [hook]
          pytest_fixture_post_finalizer [hook]
              fixturedef: <FixtureDef argname='browser_context_args' scope='session' baseid=''>
              request: <SubRequest 'browser_context_args' for <Function test_contact_us_form[chromium]>>
          finish pytest_fixture_post_finalizer --> [] [hook]
          pytest_fixture_post_finalizer [hook]
              fixturedef: <FixtureDef argname='browser_type' scope='session' baseid=''>
              request: <SubRequest 'browser_type' for <Function test_contact_us_form[chromium]>>
          finish pytest_fixture_post_finalizer --> [] [hook]
          pytest_fixture_post_finalizer [hook]
              fixturedef: <FixtureDef argname='playwright' scope='session' baseid=''>
              request: <SubRequest 'playwright' for <Function test_contact_us_form[chromium]>>
          finish pytest_fixture_post_finalizer --> [] [hook]
          pytest_fixture_post_finalizer [hook]
              fixturedef: <FixtureDef argname='launch_browser' scope='session' baseid=''>
              request: <SubRequest 'launch_browser' for <Function test_contact_us_form[chromium]>>
          finish pytest_fixture_post_finalizer --> [] [hook]
          pytest_fixture_post_finalizer [hook]
              fixturedef: <FixtureDef argname='browser_type_launch_args' scope='session' baseid=''>
              request: <SubRequest 'browser_type_launch_args' for <Function test_contact_us_form[chromium]>>
          finish pytest_fixture_post_finalizer --> [] [hook]
          pytest_fixture_post_finalizer [hook]
              fixturedef: <FixtureDef argname='_verify_url' scope='session' baseid=''>
              request: <SubRequest '_verify_url' for <Function test_contact_us_form[chromium]>>
          finish pytest_fixture_post_finalizer --> [] [hook]
          pytest_fixture_post_finalizer [hook]
              fixturedef: <FixtureDef argname='browser_context_args' scope='session' baseid=''>
              request: <SubRequest 'browser_context_args' for <Function test_contact_us_form[chromium]>>
          finish pytest_fixture_post_finalizer --> [] [hook]
          pytest_fixture_post_finalizer [hook]
              fixturedef: <FixtureDef argname='_verify_url' scope='session' baseid=''>
              request: <SubRequest '_verify_url' for <Function test_contact_us_form[chromium]>>
          finish pytest_fixture_post_finalizer --> [] [hook]
          pytest_fixture_post_finalizer [hook]
              fixturedef: <FixtureDef argname='base_url' scope='session' baseid=''>
              request: <SubRequest 'base_url' for <Function test_contact_us_form[chromium]>>
          finish pytest_fixture_post_finalizer --> [] [hook]
          pytest_fixture_post_finalizer [hook]
              fixturedef: <FixtureDef argname='event_loop_policy' scope='session' baseid=''>
              request: <SubRequest 'event_loop_policy' for <Function test_contact_us_form[chromium]>>
          finish pytest_fixture_post_finalizer --> [] [hook]
          pytest_fixture_post_finalizer [hook]
              fixturedef: <FixtureDef argname='delete_output_dir' scope='session' baseid=''>
              request: <SubRequest 'delete_output_dir' for <Function test_contact_us_form[chromium]>>
          finish pytest_fixture_post_finalizer --> [] [hook]
          pytest_fixture_post_finalizer [hook]
              fixturedef: <FixtureDef argname='_artifacts_recorder' scope='function' baseid=''>
              request: <SubRequest '_artifacts_recorder' for <Function test_contact_us_form[chromium]>>
          finish pytest_fixture_post_finalizer --> [] [hook]
          pytest_fixture_post_finalizer [hook]
              fixturedef: <FixtureDef argname='output_path' scope='function' baseid=''>
              request: <SubRequest 'output_path' for <Function test_contact_us_form[chromium]>>
          finish pytest_fixture_post_finalizer --> [] [hook]
          pytest_fixture_post_finalizer [hook]
              fixturedef: <FixtureDef argname='browser_context_args' scope='session' baseid=''>
              request: <SubRequest 'browser_context_args' for <Function test_contact_us_form[chromium]>>
          finish pytest_fixture_post_finalizer --> [] [hook]
          pytest_fixture_post_finalizer [hook]
              fixturedef: <FixtureDef argname='device' scope='session' baseid=''>
              request: <SubRequest 'device' for <Function test_contact_us_form[chromium]>>
          finish pytest_fixture_post_finalizer --> [] [hook]
          pytest_fixture_post_finalizer [hook]
              fixturedef: <FixtureDef argname='browser_type_launch_args' scope='session' baseid=''>
              request: <SubRequest 'browser_type_launch_args' for <Function test_contact_us_form[chromium]>>
          finish pytest_fixture_post_finalizer --> [] [hook]
          pytest_fixture_post_finalizer [hook]
              fixturedef: <FixtureDef argname='delete_output_dir' scope='session' baseid=''>
              request: <SubRequest 'delete_output_dir' for <Function test_contact_us_form[chromium]>>
          finish pytest_fixture_post_finalizer --> [] [hook]
          pytest_fixture_post_finalizer [hook]
              fixturedef: <FixtureDef argname='pytestconfig' scope='session' baseid=''>
              request: <SubRequest 'pytestconfig' for <Function test_contact_us_form[chromium]>>
          finish pytest_fixture_post_finalizer --> [] [hook]
          pytest_fixture_post_finalizer [hook]
              fixturedef: <FixtureDef argname='_session_faker' scope='session' baseid=''>
              request: <SubRequest '_session_faker' for <Function test_contact_us_form[chromium]>>
          finish pytest_fixture_post_finalizer --> [] [hook]
        finish pytest_runtest_teardown --> None [hook]
        pytest_runtest_makereport [hook]
            item: <Function test_contact_us_form[chromium]>
            call: <CallInfo when='teardown' result: None>
        finish pytest_runtest_makereport --> <TestReport 'tests/test_contact_us.py::test_contact_us_form[chromium]' when='teardown' outcome='passed'> [hook]
        pytest_runtest_logreport [hook]
            report: <TestReport 'tests/test_contact_us.py::test_contact_us_form[chromium]' when='teardown' outcome='passed'>
          pytest_report_teststatus [hook]
              report: <TestReport 'tests/test_contact_us.py::test_contact_us_form[chromium]' when='teardown' outcome='passed'>
              config: <_pytest.config.Config object at 0x1012a6270>
          finish pytest_report_teststatus --> ('', '', '') [hook]
        finish pytest_runtest_logreport --> [] [hook]
        pytest_runtest_logfinish [hook]
            nodeid: tests/test_contact_us.py::test_contact_us_form[chromium]
            location: ('tests/test_contact_us.py', 2, 'test_contact_us_form[chromium]')
        finish pytest_runtest_logfinish --> [] [hook]
      finish pytest_runtest_protocol --> True [hook]
    finish pytest_runtestloop --> True [hook]
    pytest_sessionfinish [hook]
        session: <Session  exitstatus=<ExitCode.TESTS_FAILED: 1> testsfailed=1 testscollected=1>
        exitstatus: 1
      pytest_terminal_summary [hook]
          terminalreporter: <_pytest.terminal.TerminalReporter object at 0x1028702f0>
          exitstatus: 1
          config: <_pytest.config.Config object at 0x1012a6270>
      early skip of rewriting module: pygments [assertion]
      early skip of rewriting module: pygments [assertion]
      early skip of rewriting module: pygments [assertion]
      early skip of rewriting module: pygments [assertion]
      early skip of rewriting module: pygments [assertion]
        pytest_report_teststatus [hook]
            report: <TestReport 'tests/test_contact_us.py::test_contact_us_form[chromium]' when='call' outcome='failed'>
            config: <_pytest.config.Config object at 0x1012a6270>
        finish pytest_report_teststatus --> ('failed', 'F', 'FAILED') [hook]
      finish pytest_terminal_summary --> [] [hook]
    finish pytest_sessionfinish --> [] [hook]
    pytest_unconfigure [hook]
        config: <_pytest.config.Config object at 0x1012a6270>
    finish pytest_unconfigure --> [] [hook]
